This file contains any messages produced by compilers while
running configure, to aid debugging if configure makes a mistake.

It was created by hashrf configure 6.0.0, which was
generated by GNU Autoconf 2.61.  Invocation command line was

  $ ./configure

## --------- ##
## Platform. ##
## --------- ##

hostname = codon-login-02.ebi.ac.uk
uname -m = x86_64
uname -r = 4.18.0-240.22.1.el8_3.x86_64
uname -s = Linux
uname -v = #1 SMP Thu Apr 8 19:01:30 UTC 2021

/usr/bin/uname -p = x86_64
/bin/uname -X     = unknown

/bin/arch              = x86_64
/usr/bin/arch -k       = unknown
/usr/convex/getsysinfo = unknown
/usr/bin/hostinfo      = unknown
/bin/machine           = unknown
/usr/bin/oslevel       = unknown
/bin/universe          = unknown

PATH: /hps/software/spack/bin
PATH: /ebi/lsf/codon/10.1/linux3.10-glibc2.17-x86_64/etc
PATH: /ebi/lsf/codon/10.1/linux3.10-glibc2.17-x86_64/bin
PATH: /usr/lpp/mmfs/bin
PATH: /usr/local/bin
PATH: /usr/bin
PATH: /usr/local/sbin
PATH: /usr/sbin
PATH: /opt/puppetlabs/bin


## ----------- ##
## Core tests. ##
## ----------- ##

configure:1783: checking for a BSD-compatible install
configure:1839: result: /usr/bin/install -c
configure:1850: checking whether build environment is sane
configure:1893: result: yes
configure:1921: checking for a thread-safe mkdir -p
configure:1960: result: /usr/bin/mkdir -p
configure:1973: checking for gawk
configure:1989: found /usr/bin/gawk
configure:2000: result: gawk
configure:2011: checking whether make sets $(MAKE)
configure:2032: result: yes
configure:2282: checking for g++
configure:2298: found /usr/bin/g++
configure:2309: result: g++
configure:2340: checking for C++ compiler version
configure:2347: g++ --version >&5
g++ (GCC) 8.3.1 20191121 (Red Hat 8.3.1-5)
Copyright (C) 2018 Free Software Foundation, Inc.
This is free software; see the source for copying conditions.  There is NO
warranty; not even for MERCHANTABILITY or FITNESS FOR A PARTICULAR PURPOSE.

configure:2350: $? = 0
configure:2357: g++ -v >&5
Using built-in specs.
COLLECT_GCC=g++
COLLECT_LTO_WRAPPER=/usr/libexec/gcc/x86_64-redhat-linux/8/lto-wrapper
OFFLOAD_TARGET_NAMES=nvptx-none
OFFLOAD_TARGET_DEFAULT=1
Target: x86_64-redhat-linux
Configured with: ../configure --enable-bootstrap --enable-languages=c,c++,fortran,lto --prefix=/usr --mandir=/usr/share/man --infodir=/usr/share/info --with-bugurl=http://bugzilla.redhat.com/bugzilla --enable-shared --enable-threads=posix --enable-checking=release --enable-multilib --with-system-zlib --enable-__cxa_atexit --disable-libunwind-exceptions --enable-gnu-unique-object --enable-linker-build-id --with-gcc-major-version-only --with-linker-hash-style=gnu --enable-plugin --enable-initfini-array --with-isl --disable-libmpx --enable-offload-targets=nvptx-none --without-cuda-driver --enable-gnu-indirect-function --enable-cet --with-tune=generic --with-arch_32=x86-64 --build=x86_64-redhat-linux
Thread model: posix
gcc version 8.3.1 20191121 (Red Hat 8.3.1-5) (GCC)
configure:2360: $? = 0
configure:2367: g++ -V >&5
g++: error: unrecognized command line option '-V'
g++: fatal error: no input files
compilation terminated.
configure:2370: $? = 1
configure:2393: checking for C++ compiler default output file name
configure:2420: g++    conftest.cpp  >&5
configure:2423: $? = 0
configure:2461: result: a.out
configure:2478: checking whether the C++ compiler works
configure:2488: ./a.out
configure:2491: $? = 0
configure:2508: result: yes
configure:2515: checking whether we are cross compiling
configure:2517: result: no
configure:2520: checking for suffix of executables
configure:2527: g++ -o conftest    conftest.cpp  >&5
configure:2530: $? = 0
configure:2554: result:
configure:2560: checking for suffix of object files
configure:2586: g++ -c   conftest.cpp >&5
configure:2589: $? = 0
configure:2612: result: o
configure:2616: checking whether we are using the GNU C++ compiler
configure:2645: g++ -c   conftest.cpp >&5
configure:2651: $? = 0
configure:2668: result: yes
configure:2673: checking whether g++ accepts -g
configure:2703: g++ -c -g  conftest.cpp >&5
configure:2709: $? = 0
configure:2808: result: yes
configure:2842: checking for style of include used by make
configure:2870: result: GNU
configure:2895: checking dependency style of g++
configure:2986: result: gcc3
configure:3014: checking for a BSD-compatible install
configure:3070: result: /usr/bin/install -c
configure:3134: checking for gcc
configure:3150: found /usr/bin/gcc
configure:3161: result: gcc
configure:3399: checking for C compiler version
configure:3406: gcc --version >&5
gcc (GCC) 8.3.1 20191121 (Red Hat 8.3.1-5)
Copyright (C) 2018 Free Software Foundation, Inc.
This is free software; see the source for copying conditions.  There is NO
warranty; not even for MERCHANTABILITY or FITNESS FOR A PARTICULAR PURPOSE.

configure:3409: $? = 0
configure:3416: gcc -v >&5
Using built-in specs.
COLLECT_GCC=gcc
COLLECT_LTO_WRAPPER=/usr/libexec/gcc/x86_64-redhat-linux/8/lto-wrapper
OFFLOAD_TARGET_NAMES=nvptx-none
OFFLOAD_TARGET_DEFAULT=1
Target: x86_64-redhat-linux
Configured with: ../configure --enable-bootstrap --enable-languages=c,c++,fortran,lto --prefix=/usr --mandir=/usr/share/man --infodir=/usr/share/info --with-bugurl=http://bugzilla.redhat.com/bugzilla --enable-shared --enable-threads=posix --enable-checking=release --enable-multilib --with-system-zlib --enable-__cxa_atexit --disable-libunwind-exceptions --enable-gnu-unique-object --enable-linker-build-id --with-gcc-major-version-only --with-linker-hash-style=gnu --enable-plugin --enable-initfini-array --with-isl --disable-libmpx --enable-offload-targets=nvptx-none --without-cuda-driver --enable-gnu-indirect-function --enable-cet --with-tune=generic --with-arch_32=x86-64 --build=x86_64-redhat-linux
Thread model: posix
gcc version 8.3.1 20191121 (Red Hat 8.3.1-5) (GCC)
configure:3419: $? = 0
configure:3426: gcc -V >&5
gcc: error: unrecognized command line option '-V'
gcc: fatal error: no input files
compilation terminated.
configure:3429: $? = 1
configure:3432: checking whether we are using the GNU C compiler
configure:3461: gcc -c   conftest.c >&5
configure:3467: $? = 0
configure:3484: result: yes
configure:3489: checking whether gcc accepts -g
configure:3519: gcc -c -g  conftest.c >&5
configure:3525: $? = 0
configure:3624: result: yes
configure:3641: checking for gcc option to accept ISO C89
configure:3715: gcc  -c -g -O2  conftest.c >&5
configure:3721: $? = 0
configure:3744: result: none needed
configure:3764: checking dependency style of gcc
configure:3855: result: gcc3
configure:3879: checking for dirent.h that defines DIR
configure:3908: gcc -c -g -O2  conftest.c >&5
configure:3914: $? = 0
configure:3930: result: yes
configure:3943: checking for library containing opendir
configure:3984: gcc -o conftest -g -O2   conftest.c  >&5
configure:3990: $? = 0
configure:4018: result: none required
configure:4119: checking how to run the C preprocessor
configure:4159: gcc -E  conftest.c
configure:4165: $? = 0
configure:4196: gcc -E  conftest.c
conftest.c:11:10: fatal error: ac_nonexistent.h: No such file or directory
 #include <ac_nonexistent.h>
          ^~~~~~~~~~~~~~~~~~
compilation terminated.
configure:4202: $? = 1
configure: failed program was:
| /* confdefs.h.  */
| #define PACKAGE_NAME "hashrf"
| #define PACKAGE_TARNAME "hashrf"
| #define PACKAGE_VERSION "6.0.0"
| #define PACKAGE_STRING "hashrf 6.0.0"
| #define PACKAGE_BUGREPORT "sulsj@cse.tamu.edu"
| #define PACKAGE "hashrf"
| #define VERSION "6.0.0"
| #define HAVE_DIRENT_H 1
| /* end confdefs.h.  */
| #include <ac_nonexistent.h>
configure:4235: result: gcc -E
configure:4264: gcc -E  conftest.c
configure:4270: $? = 0
configure:4301: gcc -E  conftest.c
conftest.c:11:10: fatal error: ac_nonexistent.h: No such file or directory
 #include <ac_nonexistent.h>
          ^~~~~~~~~~~~~~~~~~
compilation terminated.
configure:4307: $? = 1
configure: failed program was:
| /* confdefs.h.  */
| #define PACKAGE_NAME "hashrf"
| #define PACKAGE_TARNAME "hashrf"
| #define PACKAGE_VERSION "6.0.0"
| #define PACKAGE_STRING "hashrf 6.0.0"
| #define PACKAGE_BUGREPORT "sulsj@cse.tamu.edu"
| #define PACKAGE "hashrf"
| #define VERSION "6.0.0"
| #define HAVE_DIRENT_H 1
| /* end confdefs.h.  */
| #include <ac_nonexistent.h>
configure:4345: checking for grep that handles long lines and -e
configure:4419: result: /usr/bin/grep
configure:4424: checking for egrep
configure:4502: result: /usr/bin/grep -E
configure:4507: checking for uid_t in sys/types.h
configure:4530: result: yes
configure:4545: checking for ANSI C header files
configure:4575: gcc -c -g -O2  conftest.c >&5
configure:4581: $? = 0
configure:4680: gcc -o conftest -g -O2   conftest.c  >&5
configure:4683: $? = 0
configure:4689: ./conftest
configure:4692: $? = 0
configure:4709: result: yes
configure:4733: checking for sys/types.h
configure:4754: gcc -c -g -O2  conftest.c >&5
configure:4760: $? = 0
configure:4776: result: yes
configure:4733: checking for sys/stat.h
configure:4754: gcc -c -g -O2  conftest.c >&5
configure:4760: $? = 0
configure:4776: result: yes
configure:4733: checking for stdlib.h
configure:4754: gcc -c -g -O2  conftest.c >&5
configure:4760: $? = 0
configure:4776: result: yes
configure:4733: checking for string.h
configure:4754: gcc -c -g -O2  conftest.c >&5
configure:4760: $? = 0
configure:4776: result: yes
configure:4733: checking for memory.h
configure:4754: gcc -c -g -O2  conftest.c >&5
configure:4760: $? = 0
configure:4776: result: yes
configure:4733: checking for strings.h
configure:4754: gcc -c -g -O2  conftest.c >&5
configure:4760: $? = 0
configure:4776: result: yes
configure:4733: checking for inttypes.h
configure:4754: gcc -c -g -O2  conftest.c >&5
configure:4760: $? = 0
configure:4776: result: yes
configure:4733: checking for stdint.h
configure:4754: gcc -c -g -O2  conftest.c >&5
configure:4760: $? = 0
configure:4776: result: yes
configure:4733: checking for unistd.h
configure:4754: gcc -c -g -O2  conftest.c >&5
configure:4760: $? = 0
configure:4776: result: yes
configure:4788: checking for pid_t
configure:4818: gcc -c -g -O2  conftest.c >&5
configure:4824: $? = 0
configure:4839: result: yes
configure:4853: checking for ANSI C header files
configure:5017: result: yes
configure:5031: checking for strcpy
configure:5087: gcc -o conftest -g -O2   conftest.c  >&5
conftest.c:45:6: warning: conflicting types for built-in function 'strcpy' [-Wbuiltin-declaration-mismatch]
 char strcpy ();
      ^~~~~~
configure:5093: $? = 0
configure:5111: result: yes
configure:5246: creating ./config.status

## ---------------------- ##
## Running config.status. ##
## ---------------------- ##

This file was extended by hashrf config.status 6.0.0, which was
generated by GNU Autoconf 2.61.  Invocation command line was

  CONFIG_FILES    =
  CONFIG_HEADERS  =
  CONFIG_LINKS    =
  CONFIG_COMMANDS =
  $ ./config.status

on codon-login-02.ebi.ac.uk

config.status:641: creating Makefile
config.status:641: creating config.h
config.status:870: config.h is unchanged
config.status:917: executing depfiles commands

## ---------------- ##
## Cache variables. ##
## ---------------- ##

ac_cv_c_compiler_gnu=yes
ac_cv_cxx_compiler_gnu=yes
ac_cv_env_CCC_set=
ac_cv_env_CCC_value=
ac_cv_env_CC_set=
ac_cv_env_CC_value=
ac_cv_env_CFLAGS_set=
ac_cv_env_CFLAGS_value=
ac_cv_env_CPPFLAGS_set=
ac_cv_env_CPPFLAGS_value=
ac_cv_env_CPP_set=
ac_cv_env_CPP_value=
ac_cv_env_CXXFLAGS_set=
ac_cv_env_CXXFLAGS_value=
ac_cv_env_CXX_set=
ac_cv_env_CXX_value=
ac_cv_env_LDFLAGS_set=
ac_cv_env_LDFLAGS_value=
ac_cv_env_LIBS_set=
ac_cv_env_LIBS_value=
ac_cv_env_build_alias_set=
ac_cv_env_build_alias_value=
ac_cv_env_host_alias_set=
ac_cv_env_host_alias_value=
ac_cv_env_target_alias_set=
ac_cv_env_target_alias_value=
ac_cv_func_strcpy=yes
ac_cv_header_dirent_dirent_h=yes
ac_cv_header_inttypes_h=yes
ac_cv_header_memory_h=yes
ac_cv_header_stdc=yes
ac_cv_header_stdint_h=yes
ac_cv_header_stdlib_h=yes
ac_cv_header_string_h=yes
ac_cv_header_strings_h=yes
ac_cv_header_sys_stat_h=yes
ac_cv_header_sys_types_h=yes
ac_cv_header_unistd_h=yes
ac_cv_objext=o
ac_cv_path_EGREP='/usr/bin/grep -E'
ac_cv_path_GREP=/usr/bin/grep
ac_cv_path_install='/usr/bin/install -c'
ac_cv_path_mkdir=/usr/bin/mkdir
ac_cv_prog_AWK=gawk
ac_cv_prog_CPP='gcc -E'
ac_cv_prog_ac_ct_CC=gcc
ac_cv_prog_ac_ct_CXX=g++
ac_cv_prog_cc_c89=
ac_cv_prog_cc_g=yes
ac_cv_prog_cxx_g=yes
ac_cv_prog_make_make_set=yes
ac_cv_search_opendir='none required'
ac_cv_type_pid_t=yes
ac_cv_type_uid_t=yes
am_cv_CC_dependencies_compiler_type=gcc3
am_cv_CXX_dependencies_compiler_type=gcc3

## ----------------- ##
## Output variables. ##
## ----------------- ##

ACLOCAL='${SHELL} /hps/software/users/goldman/zsuzsa/30.hashrf-6.0.0-dist/missing --run aclocal-1.10'
AMDEPBACKSLASH='\'
AMDEP_FALSE='#'
AMDEP_TRUE=''
AMTAR='${SHELL} /hps/software/users/goldman/zsuzsa/30.hashrf-6.0.0-dist/missing --run tar'
AUTOCONF='${SHELL} /hps/software/users/goldman/zsuzsa/30.hashrf-6.0.0-dist/missing --run autoconf'
AUTOHEADER='${SHELL} /hps/software/users/goldman/zsuzsa/30.hashrf-6.0.0-dist/missing --run autoheader'
AUTOMAKE='${SHELL} /hps/software/users/goldman/zsuzsa/30.hashrf-6.0.0-dist/missing --run automake-1.10'
AWK='gawk'
CC='gcc'
CCDEPMODE='depmode=gcc3'
CFLAGS='-g -O2'
CPP='gcc -E'
CPPFLAGS=''
CXX='g++'
CXXDEPMODE='depmode=gcc3'
CXXFLAGS='-g -O2'
CYGPATH_W='echo'
DEFS='-DHAVE_CONFIG_H'
DEPDIR='.deps'
ECHO_C=''
ECHO_N='-n'
ECHO_T=''
EGREP='/usr/bin/grep -E'
EXEEXT=''
GREP='/usr/bin/grep'
INSTALL_DATA='${INSTALL} -m 644'
INSTALL_PROGRAM='${INSTALL}'
INSTALL_SCRIPT='${INSTALL}'
INSTALL_STRIP_PROGRAM='$(install_sh) -c -s'
LDFLAGS=''
LIBOBJS=''
LIBS=''
LTLIBOBJS=''
MAKEINFO='${SHELL} /hps/software/users/goldman/zsuzsa/30.hashrf-6.0.0-dist/missing --run makeinfo'
OBJEXT='o'
PACKAGE='hashrf'
PACKAGE_BUGREPORT='sulsj@cse.tamu.edu'
PACKAGE_NAME='hashrf'
PACKAGE_STRING='hashrf 6.0.0'
PACKAGE_TARNAME='hashrf'
PACKAGE_VERSION='6.0.0'
PATH_SEPARATOR=':'
SET_MAKE=''
SHELL='/bin/sh'
STRIP=''
VERSION='6.0.0'
ac_ct_CC='gcc'
ac_ct_CXX='g++'
am__fastdepCC_FALSE='#'
am__fastdepCC_TRUE=''
am__fastdepCXX_FALSE='#'
am__fastdepCXX_TRUE=''
am__include='include'
am__isrc=''
am__leading_dot='.'
am__quote=''
am__tar='${AMTAR} chof - "$$tardir"'
am__untar='${AMTAR} xf -'
bindir='${exec_prefix}/bin'
build_alias=''
datadir='${datarootdir}'
datarootdir='${prefix}/share'
docdir='${datarootdir}/doc/${PACKAGE_TARNAME}'
dvidir='${docdir}'
exec_prefix='${prefix}'
host_alias=''
htmldir='${docdir}'
includedir='${prefix}/include'
infodir='${datarootdir}/info'
install_sh='$(SHELL) /hps/software/users/goldman/zsuzsa/30.hashrf-6.0.0-dist/install-sh'
libdir='${exec_prefix}/lib'
libexecdir='${exec_prefix}/libexec'
localedir='${datarootdir}/locale'
localstatedir='${prefix}/var'
mandir='${datarootdir}/man'
mkdir_p='/usr/bin/mkdir -p'
oldincludedir='/usr/include'
pdfdir='${docdir}'
prefix='/usr/local'
program_transform_name='s,x,x,'
psdir='${docdir}'
sbindir='${exec_prefix}/sbin'
sharedstatedir='${prefix}/com'
sysconfdir='${prefix}/etc'
target_alias=''

## ----------- ##
## confdefs.h. ##
## ----------- ##

#define PACKAGE_NAME "hashrf"
#define PACKAGE_TARNAME "hashrf"
#define PACKAGE_VERSION "6.0.0"
#define PACKAGE_STRING "hashrf 6.0.0"
#define PACKAGE_BUGREPORT "sulsj@cse.tamu.edu"
#define PACKAGE "hashrf"
#define VERSION "6.0.0"
#define HAVE_DIRENT_H 1
#define STDC_HEADERS 1
#define HAVE_SYS_TYPES_H 1
#define HAVE_SYS_STAT_H 1
#define HAVE_STDLIB_H 1
#define HAVE_STRING_H 1
#define HAVE_MEMORY_H 1
#define HAVE_STRINGS_H 1
#define HAVE_INTTYPES_H 1
#define HAVE_STDINT_H 1
#define HAVE_UNISTD_H 1
#define STDC_HEADERS 1
#define HAVE_STRCPY 1

configure: exit 0
